<?xml version="1.0" encoding="UTF-8"?>
<testng-results ignored="0" total="1" passed="1" failed="0" skipped="0">
  <reporter-output>
  </reporter-output>
  <suite started-at="2022-01-14T20:09:14 CET" name="SeleniumTest" finished-at="2022-01-14T20:09:14 CET" duration-ms="53">
    <groups>
    </groups>
    <test started-at="2022-01-14T20:09:14 CET" name="Command line test" finished-at="2022-01-14T20:09:14 CET" duration-ms="53">
      <class name="SeleniumTest">
        <test-method signature="sampleTest()[pri:0, instance:SeleniumTest@1445d7f]" started-at="2022-01-14T20:09:14 CET" name="sampleTest" finished-at="2022-01-14T20:09:14 CET" duration-ms="0" status="PASS">
          <reporter-output>
          </reporter-output>
        </test-method> <!-- sampleTest -->
      </class> <!-- SeleniumTest -->
    </test> <!-- Command line test -->
  </suite> <!-- SeleniumTest -->
</testng-results>
